[2021-12-31 07:24:09] main.INFO: Item Magento_Backend::system_currency was removed [] []
[2021-12-31 07:24:09] main.INFO: Add of item with id Magento_Theme::design_config was processed [] []
[2021-12-31 07:24:09] main.INFO: Add of item with id Magento_Theme::system_design_theme was processed [] []
[2021-12-31 07:24:09] main.INFO: Add of item with id Magento_Config::system_config was processed [] []
[2021-12-31 07:24:09] main.INFO: Add of item with id Magento_Backend::system_design_schedule was processed [] []
[2021-12-31 07:24:09] main.INFO: Add of item with id Magento_Backend::system_store was processed [] []
[2021-12-31 07:24:09] main.INFO: Add of item with id Magento_Backend::dashboard was processed [] []
[2021-12-31 07:24:09] main.INFO: Add of item with id Magento_Backend::system was processed [] []
[2021-12-31 07:24:09] main.INFO: Add of item with id Magento_Backend::system_tools was processed [] []
[2021-12-31 07:24:09] main.INFO: Add of item with id Magento_Backend::system_design was processed [] []
[2021-12-31 07:24:09] main.INFO: Add of item with id Magento_Backend::system_convert was processed [] []
[2021-12-31 07:24:09] main.INFO: Add of item with id Magento_Backend::system_cache was processed [] []
[2021-12-31 07:24:09] main.INFO: Add of item with id Magento_Backend::marketing was processed [] []
[2021-12-31 07:24:09] main.INFO: Add of item with id Magento_Backend::marketing_communications was processed [] []
[2021-12-31 07:24:09] main.INFO: Add of item with id Magento_Backend::marketing_seo was processed [] []
[2021-12-31 07:24:09] main.INFO: Add of item with id Magento_Backend::marketing_user_content was processed [] []
[2021-12-31 07:24:09] main.INFO: Add of item with id Magento_Backend::content was processed [] []
[2021-12-31 07:24:09] main.INFO: Add of item with id Magento_Backend::content_elements was processed [] []
[2021-12-31 07:24:09] main.INFO: Add of item with id Magento_Backend::stores was processed [] []
[2021-12-31 07:24:09] main.INFO: Add of item with id Magento_Backend::stores_settings was processed [] []
[2021-12-31 07:24:09] main.INFO: Add of item with id Magento_Backend::stores_attributes was processed [] []
[2021-12-31 07:24:09] main.INFO: Add of item with id Magento_Backend::other_settings was processed [] []
[2021-12-31 07:24:09] main.INFO: Add of item with id Magento_Backend::system_other_settings was processed [] []
[2021-12-31 07:24:09] main.INFO: Add of item with id Magento_Search::search_terms was processed [] []
[2021-12-31 07:24:09] main.INFO: Add of item with id Magento_Search::search_synonyms was processed [] []
[2021-12-31 07:24:09] main.INFO: Add of item with id Magento_Backup::system_tools_backup was processed [] []
[2021-12-31 07:24:09] main.INFO: Add of item with id Magento_Variable::system_variable was processed [] []
[2021-12-31 07:24:09] main.INFO: Add of item with id Magento_Customer::customer was processed [] []
[2021-12-31 07:24:09] main.INFO: Add of item with id Magento_Customer::customer_manage was processed [] []
[2021-12-31 07:24:09] main.INFO: Add of item with id Magento_Customer::customer_online was processed [] []
[2021-12-31 07:24:09] main.INFO: Add of item with id Magento_Customer::customer_group was processed [] []
[2021-12-31 07:24:09] main.INFO: Add of item with id Magento_AdminNotification::system_adminnotification was processed [] []
[2021-12-31 07:24:09] main.INFO: Add of item with id Magento_Indexer::system_index was processed [] []
[2021-12-31 07:24:09] main.INFO: Add of item with id Magento_Cms::cms_page was processed [] []
[2021-12-31 07:24:09] main.INFO: Add of item with id Magento_Cms::cms_block was processed [] []
[2021-12-31 07:24:09] main.INFO: Add of item with id Magento_Catalog::catalog was processed [] []
[2021-12-31 07:24:09] main.INFO: Add of item with id Magento_Catalog::catalog_products was processed [] []
[2021-12-31 07:24:09] main.INFO: Add of item with id Magento_Catalog::catalog_categories was processed [] []
[2021-12-31 07:24:09] main.INFO: Add of item with id Magento_Catalog::catalog_attributes_attributes was processed [] []
[2021-12-31 07:24:09] main.INFO: Add of item with id Magento_Catalog::catalog_attributes_sets was processed [] []
[2021-12-31 07:24:09] main.INFO: Add of item with id Magento_Catalog::inventory was processed [] []
[2021-12-31 07:24:09] main.INFO: Add of item with id Magento_CatalogRule::promo was processed [] []
[2021-12-31 07:24:09] main.INFO: Add of item with id Magento_CatalogRule::promo_catalog was processed [] []
[2021-12-31 07:24:09] main.INFO: Add of item with id Magento_Widget::cms_widget_instance was processed [] []
[2021-12-31 07:24:09] main.INFO: Add of item with id Magento_MediaGalleryUi::media was processed [] []
[2021-12-31 07:24:09] main.INFO: Add of item with id Magento_MediaGalleryUi::media_gallery was processed [] []
[2021-12-31 07:24:09] main.INFO: Add of item with id Magento_User::system_acl was processed [] []
[2021-12-31 07:24:09] main.INFO: Add of item with id Magento_User::system_acl_users was processed [] []
[2021-12-31 07:24:09] main.INFO: Add of item with id Magento_User::system_acl_roles was processed [] []
[2021-12-31 07:24:09] main.INFO: Add of item with id Magento_User::system_acl_locks was processed [] []
[2021-12-31 07:24:09] main.INFO: Add of item with id Magento_Sales::sales was processed [] []
[2021-12-31 07:24:09] main.INFO: Add of item with id Magento_Sales::sales_operation was processed [] []
[2021-12-31 07:24:09] main.INFO: Add of item with id Magento_Sales::sales_order was processed [] []
[2021-12-31 07:24:09] main.INFO: Add of item with id Magento_Sales::sales_invoice was processed [] []
[2021-12-31 07:24:09] main.INFO: Add of item with id Magento_Sales::sales_shipment was processed [] []
[2021-12-31 07:24:09] main.INFO: Add of item with id Magento_Sales::sales_creditmemo was processed [] []
[2021-12-31 07:24:09] main.INFO: Add of item with id Magento_Sales::sales_transactions was processed [] []
[2021-12-31 07:24:09] main.INFO: Add of item with id Magento_Sales::system_order_statuses was processed [] []
[2021-12-31 07:24:09] main.INFO: Add of item with id Magento_CurrencySymbol::system_currency was processed [] []
[2021-12-31 07:24:09] main.INFO: Add of item with id Magento_CurrencySymbol::system_currency_rates was processed [] []
[2021-12-31 07:24:09] main.INFO: Add of item with id Magento_CurrencySymbol::system_currency_symbols was processed [] []
[2021-12-31 07:24:09] main.INFO: Add of item with id Magento_Integration::system_extensions was processed [] []
[2021-12-31 07:24:09] main.INFO: Add of item with id Magento_Integration::system_integrations was processed [] []
[2021-12-31 07:24:09] main.INFO: Add of item with id Magento_Downloadable::report_products_downloads was processed [] []
[2021-12-31 07:24:09] main.INFO: Add of item with id Magento_ImportExport::system_convert_import was processed [] []
[2021-12-31 07:24:09] main.INFO: Add of item with id Magento_ImportExport::system_convert_export was processed [] []
[2021-12-31 07:24:09] main.INFO: Add of item with id Magento_ImportExport::system_convert_history was processed [] []
[2021-12-31 07:24:09] main.INFO: Add of item with id Magento_Email::template was processed [] []
[2021-12-31 07:24:09] main.INFO: Add of item with id Magento_EncryptionKey::system_crypt_key was processed [] []
[2021-12-31 07:24:09] main.INFO: Add of item with id Magento_Analytics::business_intelligence was processed [] []
[2021-12-31 07:24:09] main.INFO: Add of item with id Magento_Analytics::advanced_reporting was processed [] []
[2021-12-31 07:24:09] main.INFO: Add of item with id Magento_Analytics::bi_essentials was processed [] []
[2021-12-31 07:24:09] main.INFO: Add of item with id Magento_Reports::report was processed [] []
[2021-12-31 07:24:09] main.INFO: Add of item with id Magento_Reports::report_marketing was processed [] []
[2021-12-31 07:24:09] main.INFO: Add of item with id Magento_Reports::report_salesroot was processed [] []
[2021-12-31 07:24:09] main.INFO: Add of item with id Magento_Reports::report_salesroot_sales was processed [] []
[2021-12-31 07:24:09] main.INFO: Add of item with id Magento_Reports::report_salesroot_tax was processed [] []
[2021-12-31 07:24:09] main.INFO: Add of item with id Magento_Reports::report_salesroot_invoiced was processed [] []
[2021-12-31 07:24:09] main.INFO: Add of item with id Magento_Reports::report_salesroot_shipping was processed [] []
[2021-12-31 07:24:09] main.INFO: Add of item with id Magento_Reports::report_salesroot_refunded was processed [] []
[2021-12-31 07:24:09] main.INFO: Add of item with id Magento_Reports::report_salesroot_coupons was processed [] []
[2021-12-31 07:24:09] main.INFO: Add of item with id Magento_Reports::report_shopcart_product was processed [] []
[2021-12-31 07:24:09] main.INFO: Add of item with id Magento_Reports::report_shopcart_abandoned was processed [] []
[2021-12-31 07:24:09] main.INFO: Add of item with id Magento_Reports::report_products was processed [] []
[2021-12-31 07:24:09] main.INFO: Add of item with id Magento_Reports::report_products_bestsellers was processed [] []
[2021-12-31 07:24:09] main.INFO: Add of item with id Magento_Reports::report_products_sold was processed [] []
[2021-12-31 07:24:09] main.INFO: Add of item with id Magento_Reports::report_products_viewed was processed [] []
[2021-12-31 07:24:09] main.INFO: Add of item with id Magento_Reports::report_products_lowstock was processed [] []
[2021-12-31 07:24:09] main.INFO: Add of item with id Magento_Reports::report_customers was processed [] []
[2021-12-31 07:24:09] main.INFO: Add of item with id Magento_Reports::report_customers_accounts was processed [] []
[2021-12-31 07:24:09] main.INFO: Add of item with id Magento_Reports::report_customers_totals was processed [] []
[2021-12-31 07:24:09] main.INFO: Add of item with id Magento_Reports::report_customers_orders was processed [] []
[2021-12-31 07:24:09] main.INFO: Add of item with id Magento_Reports::report_statistics was processed [] []
[2021-12-31 07:24:09] main.INFO: Add of item with id Magento_Reports::report_statistics_refresh was processed [] []
[2021-12-31 07:24:09] main.INFO: Add of item with id Magento_Search::report_search_term was processed [] []
[2021-12-31 07:24:09] main.INFO: Add of item with id Magento_LoginAsCustomerLog::login_log was processed [] []
[2021-12-31 07:24:09] main.INFO: Add of item with id Magento_Marketplace::partners was processed [] []
[2021-12-31 07:24:09] main.INFO: Add of item with id Magento_Newsletter::newsletter_template was processed [] []
[2021-12-31 07:24:09] main.INFO: Add of item with id Magento_Newsletter::newsletter_queue was processed [] []
[2021-12-31 07:24:09] main.INFO: Add of item with id Magento_Newsletter::newsletter_subscriber was processed [] []
[2021-12-31 07:24:09] main.INFO: Add of item with id Magento_Newsletter::newsletter_problem was processed [] []
[2021-12-31 07:24:09] main.INFO: Add of item with id Magento_SalesRule::promo_quote was processed [] []
[2021-12-31 07:24:09] main.INFO: Add of item with id Magento_Paypal::report_salesroot_paypal_settlement_reports was processed [] []
[2021-12-31 07:24:09] main.INFO: Add of item with id Magento_Paypal::paypal_billing_agreement was processed [] []
[2021-12-31 07:24:09] main.INFO: Add of item with id Magento_CheckoutAgreements::sales_checkoutagreement was processed [] []
[2021-12-31 07:24:09] main.INFO: Add of item with id Magento_Sitemap::catalog_sitemap was processed [] []
[2021-12-31 07:24:09] main.INFO: Add of item with id Magento_Review::catalog_reviews_ratings_ratings was processed [] []
[2021-12-31 07:24:09] main.INFO: Add of item with id Magento_Review::catalog_reviews_ratings_pending was processed [] []
[2021-12-31 07:24:09] main.INFO: Add of item with id Magento_Review::catalog_reviews_ratings_reviews_all was processed [] []
[2021-12-31 07:24:09] main.INFO: Add of item with id Magento_Review::report_review was processed [] []
[2021-12-31 07:24:09] main.INFO: Add of item with id Magento_Review::report_review_customer was processed [] []
[2021-12-31 07:24:09] main.INFO: Add of item with id Magento_Review::report_review_product was processed [] []
[2021-12-31 07:24:09] main.INFO: Add of item with id Magento_UrlRewrite::urlrewrite was processed [] []
[2021-12-31 07:24:09] main.INFO: Add of item with id Magento_Tax::sales_tax was processed [] []
[2021-12-31 07:24:09] main.INFO: Add of item with id Magento_Tax::sales_tax_rules was processed [] []
[2021-12-31 07:24:09] main.INFO: Add of item with id Magento_Tax::sales_tax_rates was processed [] []
[2021-12-31 07:24:09] main.INFO: Add of item with id Magento_TaxImportExport::system_convert_tax was processed [] []
[2021-12-31 07:24:09] main.INFO: Add of item with id Magento_AsynchronousOperations::system_magento_logging was processed [] []
[2021-12-31 07:24:09] main.INFO: Add of item with id Magento_AsynchronousOperations::system_magento_logging_bulk_operations was processed [] []
[2021-12-31 07:24:09] main.INFO: Add of item with id MenuAmasty_Base::menu was processed [] []
[2021-12-31 07:24:09] main.INFO: Add of item with id Amasty_Base::marketplace was processed [] []
[2021-12-31 07:24:09] main.INFO: Add of item with id Amasty_Base::extensions was processed [] []
[2021-12-31 07:24:09] main.INFO: Add of item with id Amasty_CronScheduleList::amasty_schedule was processed [] []
[2021-12-31 07:24:09] main.INFO: Add of item with id Amasty_CronScheduleList::schedule_list was processed [] []
[2021-12-31 07:24:09] main.INFO: Add of item with id Amasty_Rewards::rule was processed [] []
[2021-12-31 07:24:09] main.INFO: Add of item with id Amasty_Rewards::reports was processed [] []
[2021-12-31 07:24:09] main.INFO: Add of item with id Amasty_Stockstatus::stockstatus was processed [] []
[2021-12-31 07:24:09] main.INFO: Add of item with id Amasty_Stockstatus::rule was processed [] []
[2021-12-31 07:24:09] main.INFO: Add of item with id Dotdigitalgroup_Email::marketing_automation was processed [] []
[2021-12-31 07:24:09] main.INFO: Add of item with id Dotdigitalgroup_Email::automation_studio was processed [] []
[2021-12-31 07:24:09] main.INFO: Add of item with id Dotdigitalgroup_Email::exclusion_rules was processed [] []
[2021-12-31 07:24:09] main.INFO: Add of item with id Dotdigitalgroup_Email::marketing_automation_report was processed [] []
[2021-12-31 07:24:09] main.INFO: Add of item with id Dotdigitalgroup_Email::dashboards was processed [] []
[2021-12-31 07:24:09] main.INFO: Add of item with id Dotdigitalgroup_Email::importer was processed [] []
[2021-12-31 07:24:09] main.INFO: Add of item with id Dotdigitalgroup_Email::automation was processed [] []
[2021-12-31 07:24:09] main.INFO: Add of item with id Dotdigitalgroup_Email::campaign was processed [] []
[2021-12-31 07:24:09] main.INFO: Add of item with id Dotdigitalgroup_Email::cron was processed [] []
[2021-12-31 07:24:09] main.INFO: Add of item with id Dotdigitalgroup_Email::logviewer was processed [] []
[2021-12-31 07:24:09] main.INFO: Add of item with id Dotdigitalgroup_Email::abandoned was processed [] []
[2021-12-31 07:24:09] main.INFO: Add of item with id Dotdigitalgroup_Chat::config was processed [] []
[2021-12-31 07:24:09] main.INFO: Add of item with id Dotdigitalgroup_Sms::messages was processed [] []
[2021-12-31 07:24:09] main.INFO: Add of item with id Eleadtech_Bcore::backend was processed [] []
[2021-12-31 07:24:09] main.INFO: Add of item with id Eleadtech_AlphabetOption::parent was processed [] []
[2021-12-31 07:24:09] main.INFO: Add of item with id Eleadtech_AlphabetOption::aboption was processed [] []
[2021-12-31 07:24:09] main.INFO: Add of item with id Eleadtech_AlphabetOption::configuration was processed [] []
[2021-12-31 07:24:09] main.INFO: Add of item with id MageWorx_ShippingRules::shippingrules was processed [] []
[2021-12-31 07:24:09] main.INFO: Add of item with id MageWorx_ShippingRules::shippingrules_quote was processed [] []
[2021-12-31 07:24:09] main.INFO: Add of item with id MageWorx_ShippingRules::shippingrules_carrier was processed [] []
[2021-12-31 07:24:09] main.INFO: Add of item with id MageWorx_ShippingRules::shippingrules_method was processed [] []
[2021-12-31 07:24:09] main.INFO: Add of item with id MageWorx_ShippingRules::shippingrules_rate was processed [] []
[2021-12-31 07:24:09] main.INFO: Add of item with id MageWorx_ShippingRules::shippingrules_zone was processed [] []
[2021-12-31 07:24:09] main.INFO: Add of item with id MageWorx_ShippingRules::shippingrules_region was processed [] []
[2021-12-31 07:24:09] main.INFO: Add of item with id MageWorx_ShippingRules::shippingrules_extendedzone was processed [] []
[2021-12-31 07:24:09] main.INFO: Add of item with id MageWorx_ShippingRules::system_import_export_fast was processed [] []
[2021-12-31 07:24:09] main.INFO: Add of item with id Mageplaza_ProductAlerts::productalerts was processed [] []
[2021-12-31 07:24:09] main.INFO: Add of item with id Mageplaza_ProductAlerts::stock was processed [] []
[2021-12-31 07:24:09] main.INFO: Add of item with id Mageplaza_ProductAlerts::stock_subscribers was processed [] []
[2021-12-31 07:24:09] main.INFO: Add of item with id Mageplaza_ProductAlerts::stock_mostrequests was processed [] []
[2021-12-31 07:24:09] main.INFO: Add of item with id Mageplaza_ProductAlerts::price was processed [] []
[2021-12-31 07:24:09] main.INFO: Add of item with id Mageplaza_ProductAlerts::price_subscribers was processed [] []
[2021-12-31 07:24:09] main.INFO: Add of item with id Mageplaza_ProductAlerts::price_mostrequests was processed [] []
[2021-12-31 07:24:09] main.INFO: Add of item with id Mageplaza_ProductAlerts::configuration was processed [] []
[2021-12-31 07:24:09] main.INFO: Add of item with id PayPal_Braintree::settlement_report was processed [] []
[2021-12-31 07:24:09] main.INFO: Add of item with id PayPal_Braintree::virtual_terminal was processed [] []
[2021-12-31 07:24:09] main.INFO: Add of item with id Springbot_Main::main was processed [] []
[2021-12-31 07:24:09] main.INFO: Add of item with id Springbot_Main::index was processed [] []
[2021-12-31 07:24:09] main.INFO: Add of item with id WeSupply_Toolbox::WeSupply was processed [] []
[2021-12-31 07:24:09] main.INFO: Add of item with id WeSupply_Toolbox::Toolbox_Label was processed [] []
[2021-12-31 07:24:09] main.INFO: Add of item with id WeSupply_Toolbox::Toolbox was processed [] []
[2021-12-31 07:24:09] main.INFO: Add of item with id WeSupply_Toolbox::HelpCenter was processed [] []
[2021-12-31 07:24:09] main.INFO: Add of item with id WeSupply_Toolbox::OrderTrackingNotifications was processed [] []
[2021-12-31 07:24:09] main.INFO: Add of item with id WeSupply_Toolbox::ReturnsRMA was processed [] []
[2021-12-31 07:24:09] main.INFO: Add of item with id WeSupply_Toolbox::EstimatedDeliveryDates was processed [] []
[2021-12-31 07:24:09] main.INFO: Add of item with id WeSupply_Toolbox::StoreLocator was processed [] []
[2021-12-31 07:24:09] main.INFO: Add of item with id WeSupply_Toolbox::StorePickupCurbside was processed [] []
[2021-12-31 07:24:09] main.INFO: Add of item with id WeSupply_Toolbox::Reviews was processed [] []
[2021-12-31 07:24:09] main.INFO: Add of item with id WeltPixel_Backend::WeltPixel was processed [] []
[2021-12-31 07:24:09] main.INFO: Add of item with id WeltPixel_Backend::WeltPixel_Documentation was processed [] []
[2021-12-31 07:24:09] main.INFO: Add of item with id WeltPixel_Backend::WeltPixel_HelpCenter was processed [] []
[2021-12-31 07:24:09] main.INFO: Add of item with id WeltPixel_Backend::WeltPixel_Licenses was processed [] []
[2021-12-31 07:24:09] main.INFO: Add of item with id WeltPixel_Backend::Modules_License was processed [] []
[2021-12-31 07:24:09] main.INFO: Add of item with id WeltPixel_Backend::WeltPixel_Debugger was processed [] []
[2021-12-31 07:24:09] main.INFO: Add of item with id WeltPixel_Backend::WeltPixel_Debugger_Rewrites was processed [] []
[2021-12-31 07:24:09] main.INFO: Add of item with id WeltPixel_Backend::WeltPixel_Debugger_Modules was processed [] []
[2021-12-31 07:24:09] main.INFO: Add of item with id WeltPixel_Backend::WeltPixel_Debugger_Developer was processed [] []
[2021-12-31 07:24:09] main.INFO: Add of item with id WeltPixel_Backend::Pearl_Theme_Options was processed [] []
[2021-12-31 07:24:09] main.INFO: Add of item with id WeltPixel_AdvancedWishlist::AdvancedWishlist_Label was processed [] []
[2021-12-31 07:24:09] main.INFO: Add of item with id WeltPixel_AdvancedWishlist::AdvancedWishlist was processed [] []
[2021-12-31 07:24:09] main.INFO: Add of item with id WeltPixel_AjaxInfiniteScroll::AjaxInfiniteScroll_Label was processed [] []
[2021-12-31 07:24:09] main.INFO: Add of item with id WeltPixel_AjaxInfiniteScroll::AjaxInfiniteScroll was processed [] []
[2021-12-31 07:24:09] main.INFO: Add of item with id WeltPixel_AdvanceCategorySorting::AdvanceCategorySorting_Label was processed [] []
[2021-12-31 07:24:09] main.INFO: Add of item with id WeltPixel_AdvanceCategorySorting::AdvanceCategorySorting was processed [] []
[2021-12-31 07:24:09] main.INFO: Add of item with id WeltPixel_FrontendOptions::ColorOptions was processed [] []
[2021-12-31 07:24:09] main.INFO: Add of item with id WeltPixel_CmsBlockScheduler::cmsblockscheduler was processed [] []
[2021-12-31 07:24:09] main.INFO: Add of item with id WeltPixel_CmsBlockScheduler::systemconfiguration was processed [] []
[2021-12-31 07:24:09] main.INFO: Add of item with id WeltPixel_CmsBlockScheduler::cmsblockscheduler_manage_tags was processed [] []
[2021-12-31 07:24:09] main.INFO: Add of item with id WeltPixel_CustomFooter::CustomFooter was processed [] []
[2021-12-31 07:24:09] main.INFO: Add of item with id WeltPixel_CustomHeader::CustomHeader was processed [] []
[2021-12-31 07:24:09] main.INFO: Add of item with id WeltPixel_DesignElements::DesignElements was processed [] []
[2021-12-31 07:24:09] main.INFO: Add of item with id WeltPixel_EnhancedEmail::EnhancedEmail_Label was processed [] []
[2021-12-31 07:24:09] main.INFO: Add of item with id WeltPixel_EnhancedEmail::EnhancedEmail_General was processed [] []
[2021-12-31 07:24:09] main.INFO: Add of item with id WeltPixel_LazyLoading::LazyLoading_Label was processed [] []
[2021-12-31 07:24:09] main.INFO: Add of item with id WeltPixel_LazyLoading::LazyLoading was processed [] []
[2021-12-31 07:24:09] main.INFO: Add of item with id WeltPixel_FullPageScroll::FullPageScroll_Label was processed [] []
[2021-12-31 07:24:09] main.INFO: Add of item with id WeltPixel_FullPageScroll::FullPageScroll was processed [] []
[2021-12-31 07:24:09] main.INFO: Add of item with id WeltPixel_GoogleCards::GoogleCards_Label was processed [] []
[2021-12-31 07:24:09] main.INFO: Add of item with id WeltPixel_GoogleCards::GoogleCards was processed [] []
[2021-12-31 07:24:09] main.INFO: Add of item with id WeltPixel_GoogleTagManager::GoogleTagManager_Label was processed [] []
[2021-12-31 07:24:09] main.INFO: Add of item with id WeltPixel_GoogleTagManager::GoogleTagManager was processed [] []
[2021-12-31 07:24:09] main.INFO: Add of item with id WeltPixel_Instagram::Instagram_Label was processed [] []
[2021-12-31 07:24:09] main.INFO: Add of item with id WeltPixel_Instagram::Instagram was processed [] []
[2021-12-31 07:24:09] main.INFO: Add of item with id WeltPixel_LayeredNavigation::LayeredNavigation_Label was processed [] []
[2021-12-31 07:24:09] main.INFO: Add of item with id WeltPixel_LayeredNavigation::LayeredNavigation_General was processed [] []
[2021-12-31 07:24:09] main.INFO: Add of item with id WeltPixel_OwlCarouselSlider::owlcarouselslider was processed [] []
[2021-12-31 07:24:09] main.INFO: Add of item with id WeltPixel_OwlCarouselSlider::owlcarouselslider_general_configuration_carousel was processed [] []
[2021-12-31 07:24:09] main.INFO: Add of item with id WeltPixel_OwlCarouselSlider::owlcarouselslider_products_sliders was processed [] []
[2021-12-31 07:24:09] main.INFO: Add of item with id WeltPixel_OwlCarouselSlider::owlsliders was processed [] []
[2021-12-31 07:24:09] main.INFO: Add of item with id WeltPixel_OwlCarouselSlider::owlcarouselslider_general_configuration_slider was processed [] []
[2021-12-31 07:24:09] main.INFO: Add of item with id WeltPixel_OwlCarouselSlider::owlcarouselslider_custom_banners was processed [] []
[2021-12-31 07:24:09] main.INFO: Add of item with id WeltPixel_OwlCarouselSlider::owlcarouselslider_custom_sliders was processed [] []
[2021-12-31 07:24:09] main.INFO: Add of item with id WeltPixel_Multistore::Multistore_Label was processed [] []
[2021-12-31 07:24:09] main.INFO: Add of item with id WeltPixel_Multistore::Multistore was processed [] []
[2021-12-31 07:24:09] main.INFO: Add of item with id WeltPixel_NavigationLinks::MegaMenu_Label was processed [] []
[2021-12-31 07:24:09] main.INFO: Add of item with id WeltPixel_NavigationLinks::MegaMenu was processed [] []
[2021-12-31 07:24:09] main.INFO: Add of item with id WeltPixel_Newsletter::Newsletter_Label was processed [] []
[2021-12-31 07:24:09] main.INFO: Add of item with id WeltPixel_Newsletter::Newsletter was processed [] []
[2021-12-31 07:24:09] main.INFO: Add of item with id WeltPixel_CategoryPage::CategoryPage was processed [] []
[2021-12-31 07:24:09] main.INFO: Add of item with id WeltPixel_ProductLabels::ProductLabels_Label was processed [] []
[2021-12-31 07:24:09] main.INFO: Add of item with id WeltPixel_ProductLabels::ProductLabelsSettings was processed [] []
[2021-12-31 07:24:09] main.INFO: Add of item with id WeltPixel_ProductLabels::ProductLabels was processed [] []
[2021-12-31 07:24:09] main.INFO: Add of item with id WeltPixel_ProductPage::ProductPage was processed [] []
[2021-12-31 07:24:09] main.INFO: Add of item with id WeltPixel_QuickCart::QuickCart_Label was processed [] []
[2021-12-31 07:24:09] main.INFO: Add of item with id WeltPixel_QuickCart::QuickCart was processed [] []
[2021-12-31 07:24:09] main.INFO: Add of item with id WeltPixel_Quickview::Quickview_Label was processed [] []
[2021-12-31 07:24:09] main.INFO: Add of item with id WeltPixel_Quickview::Quickview was processed [] []
[2021-12-31 07:24:09] main.INFO: Add of item with id WeltPixel_Quickview::QuickviewMessages was processed [] []
[2021-12-31 07:24:09] main.INFO: Add of item with id WeltPixel_RecentlyViewedBar::RecentlyViewedBar_Label was processed [] []
[2021-12-31 07:24:09] main.INFO: Add of item with id WeltPixel_RecentlyViewedBar::RecentlyViewedBar_General was processed [] []
[2021-12-31 07:24:09] main.INFO: Add of item with id WeltPixel_SearchAutoComplete::SearchAutoComplete_Label was processed [] []
[2021-12-31 07:24:09] main.INFO: Add of item with id WeltPixel_SearchAutoComplete::SearchAutoComplete was processed [] []
[2021-12-31 07:24:09] main.INFO: Add of item with id WeltPixel_SmartProductTabs::SmartProductTabs_Label was processed [] []
[2021-12-31 07:24:09] main.INFO: Add of item with id WeltPixel_SmartProductTabs::SmartProductTabs was processed [] []
[2021-12-31 07:24:09] main.INFO: Add of item with id WeltPixel_SmartProductTabs::SmartProductTabsGrid was processed [] []
[2021-12-31 07:24:09] main.INFO: Add of item with id WeltPixel_SocialLogin::SocialLogin_Customer_Label was processed [] []
[2021-12-31 07:24:09] main.INFO: Add of item with id WeltPixel_SocialLogin::socialaccounts was processed [] []
[2021-12-31 07:24:09] main.INFO: Add of item with id WeltPixel_SocialLogin::SocialLogin_Label was processed [] []
[2021-12-31 07:24:09] main.INFO: Add of item with id WeltPixel_SocialLogin::SocialLogin_General was processed [] []
[2021-12-31 07:24:09] main.INFO: Add of item with id WeltPixel_SocialLogin::SocialLogin_Dashboard was processed [] []
[2021-12-31 07:24:09] main.INFO: Add of item with id WeltPixel_SpeedOptimization::SpeedOptimization_Label was processed [] []
[2021-12-31 07:24:09] main.INFO: Add of item with id WeltPixel_SpeedOptimization::SpeedOptimization was processed [] []
[2021-12-31 07:24:09] main.INFO: Add of item with id WeltPixel_ThankYouPage::ThankYouPage_Label was processed [] []
[2021-12-31 07:24:09] main.INFO: Add of item with id WeltPixel_ThankYouPage::ThankYouPage was processed [] []
[2021-12-31 07:24:09] main.INFO: Add of item with id WeltPixel_UserProfile::UserProfile_Label was processed [] []
[2021-12-31 07:24:09] main.INFO: Add of item with id WeltPixel_UserProfile::UserProfile was processed [] []
[2021-12-31 07:24:09] main.INFO: Add of item with id Yotpo_Yotpo::yotpo_report_reviews was processed [] []
[2021-12-31 07:24:09] main.INFO: Add of item with id Yotpo_Yotpo::yotpo_reviews_external was processed [] []
[2021-12-31 07:24:09] main.INFO: Add of item with id Yotpo_Yotpo::yotpo_analytics_external was processed [] []
[2021-12-31 07:24:10] main.INFO: Add of item with id Amasty_CronScheduleList::container was processed [] []
[2021-12-31 07:24:10] main.INFO: Add of item with id Amasty_CronScheduleList::schedule_listmenu was processed [] []
[2021-12-31 07:24:10] main.INFO: Add of item with id Amasty_Stockstatus::container was processed [] []
[2021-12-31 07:24:10] main.INFO: Add of item with id Amasty_Stockstatus::rulemenu was processed [] []
[2021-12-31 07:24:10] main.INFO: Add of item with id Amasty_Stockstatus::menuconfig was processed [] []
[2021-12-31 07:24:10] main.INFO: Add of item with id Amasty_Rewards::container was processed [] []
[2021-12-31 07:24:10] main.INFO: Add of item with id Amasty_Rewards::rulemenu was processed [] []
[2021-12-31 07:24:10] main.INFO: Add of item with id Amasty_Rewards::reportsmenu was processed [] []
[2021-12-31 07:24:10] main.INFO: Add of item with id Amasty_Rewards::menuconfig was processed [] []
[2021-12-31 07:30:03] main.INFO: Item Magento_Backend::system_currency was removed [] []
[2021-12-31 07:30:03] main.INFO: Add of item with id Magento_Theme::design_config was processed [] []
[2021-12-31 07:30:03] main.INFO: Add of item with id Magento_Theme::system_design_theme was processed [] []
[2021-12-31 07:30:03] main.INFO: Add of item with id Magento_Config::system_config was processed [] []
[2021-12-31 07:30:03] main.INFO: Add of item with id Magento_Backend::system_design_schedule was processed [] []
[2021-12-31 07:30:03] main.INFO: Add of item with id Magento_Backend::system_store was processed [] []
[2021-12-31 07:30:03] main.INFO: Add of item with id Magento_Backend::dashboard was processed [] []
[2021-12-31 07:30:03] main.INFO: Add of item with id Magento_Backend::system was processed [] []
[2021-12-31 07:30:03] main.INFO: Add of item with id Magento_Backend::system_tools was processed [] []
[2021-12-31 07:30:03] main.INFO: Add of item with id Magento_Backend::system_design was processed [] []
[2021-12-31 07:30:03] main.INFO: Add of item with id Magento_Backend::system_convert was processed [] []
[2021-12-31 07:30:03] main.INFO: Add of item with id Magento_Backend::system_cache was processed [] []
[2021-12-31 07:30:03] main.INFO: Add of item with id Magento_Backend::marketing was processed [] []
[2021-12-31 07:30:03] main.INFO: Add of item with id Magento_Backend::marketing_communications was processed [] []
[2021-12-31 07:30:03] main.INFO: Add of item with id Magento_Backend::marketing_seo was processed [] []
[2021-12-31 07:30:03] main.INFO: Add of item with id Magento_Backend::marketing_user_content was processed [] []
[2021-12-31 07:30:03] main.INFO: Add of item with id Magento_Backend::content was processed [] []
[2021-12-31 07:30:03] main.INFO: Add of item with id Magento_Backend::content_elements was processed [] []
[2021-12-31 07:30:03] main.INFO: Add of item with id Magento_Backend::stores was processed [] []
[2021-12-31 07:30:03] main.INFO: Add of item with id Magento_Backend::stores_settings was processed [] []
[2021-12-31 07:30:03] main.INFO: Add of item with id Magento_Backend::stores_attributes was processed [] []
[2021-12-31 07:30:03] main.INFO: Add of item with id Magento_Backend::other_settings was processed [] []
[2021-12-31 07:30:03] main.INFO: Add of item with id Magento_Backend::system_other_settings was processed [] []
[2021-12-31 07:30:03] main.INFO: Add of item with id Magento_Search::search_terms was processed [] []
[2021-12-31 07:30:03] main.INFO: Add of item with id Magento_Search::search_synonyms was processed [] []
[2021-12-31 07:30:03] main.INFO: Add of item with id Magento_Backup::system_tools_backup was processed [] []
[2021-12-31 07:30:03] main.INFO: Add of item with id Magento_Variable::system_variable was processed [] []
[2021-12-31 07:30:03] main.INFO: Add of item with id Magento_Customer::customer was processed [] []
[2021-12-31 07:30:03] main.INFO: Add of item with id Magento_Customer::customer_manage was processed [] []
[2021-12-31 07:30:03] main.INFO: Add of item with id Magento_Customer::customer_online was processed [] []
[2021-12-31 07:30:03] main.INFO: Add of item with id Magento_Customer::customer_group was processed [] []
[2021-12-31 07:30:03] main.INFO: Add of item with id Magento_AdminNotification::system_adminnotification was processed [] []
[2021-12-31 07:30:03] main.INFO: Add of item with id Magento_Indexer::system_index was processed [] []
[2021-12-31 07:30:03] main.INFO: Add of item with id Magento_Cms::cms_page was processed [] []
[2021-12-31 07:30:03] main.INFO: Add of item with id Magento_Cms::cms_block was processed [] []
[2021-12-31 07:30:03] main.INFO: Add of item with id Magento_Catalog::catalog was processed [] []
[2021-12-31 07:30:03] main.INFO: Add of item with id Magento_Catalog::catalog_products was processed [] []
[2021-12-31 07:30:03] main.INFO: Add of item with id Magento_Catalog::catalog_categories was processed [] []
[2021-12-31 07:30:03] main.INFO: Add of item with id Magento_Catalog::catalog_attributes_attributes was processed [] []
[2021-12-31 07:30:03] main.INFO: Add of item with id Magento_Catalog::catalog_attributes_sets was processed [] []
[2021-12-31 07:30:03] main.INFO: Add of item with id Magento_Catalog::inventory was processed [] []
[2021-12-31 07:30:03] main.INFO: Add of item with id Magento_CatalogRule::promo was processed [] []
[2021-12-31 07:30:03] main.INFO: Add of item with id Magento_CatalogRule::promo_catalog was processed [] []
[2021-12-31 07:30:03] main.INFO: Add of item with id Magento_Widget::cms_widget_instance was processed [] []
[2021-12-31 07:30:03] main.INFO: Add of item with id Magento_MediaGalleryUi::media was processed [] []
[2021-12-31 07:30:03] main.INFO: Add of item with id Magento_MediaGalleryUi::media_gallery was processed [] []
[2021-12-31 07:30:03] main.INFO: Add of item with id Magento_User::system_acl was processed [] []
[2021-12-31 07:30:03] main.INFO: Add of item with id Magento_User::system_acl_users was processed [] []
[2021-12-31 07:30:03] main.INFO: Add of item with id Magento_User::system_acl_roles was processed [] []
[2021-12-31 07:30:03] main.INFO: Add of item with id Magento_User::system_acl_locks was processed [] []
[2021-12-31 07:30:03] main.INFO: Add of item with id Magento_Sales::sales was processed [] []
[2021-12-31 07:30:03] main.INFO: Add of item with id Magento_Sales::sales_operation was processed [] []
[2021-12-31 07:30:03] main.INFO: Add of item with id Magento_Sales::sales_order was processed [] []
[2021-12-31 07:30:03] main.INFO: Add of item with id Magento_Sales::sales_invoice was processed [] []
[2021-12-31 07:30:03] main.INFO: Add of item with id Magento_Sales::sales_shipment was processed [] []
[2021-12-31 07:30:03] main.INFO: Add of item with id Magento_Sales::sales_creditmemo was processed [] []
[2021-12-31 07:30:03] main.INFO: Add of item with id Magento_Sales::sales_transactions was processed [] []
[2021-12-31 07:30:03] main.INFO: Add of item with id Magento_Sales::system_order_statuses was processed [] []
[2021-12-31 07:30:03] main.INFO: Add of item with id Magento_CurrencySymbol::system_currency was processed [] []
[2021-12-31 07:30:03] main.INFO: Add of item with id Magento_CurrencySymbol::system_currency_rates was processed [] []
[2021-12-31 07:30:03] main.INFO: Add of item with id Magento_CurrencySymbol::system_currency_symbols was processed [] []
[2021-12-31 07:30:03] main.INFO: Add of item with id Magento_Integration::system_extensions was processed [] []
[2021-12-31 07:30:03] main.INFO: Add of item with id Magento_Integration::system_integrations was processed [] []
[2021-12-31 07:30:03] main.INFO: Add of item with id Magento_Downloadable::report_products_downloads was processed [] []
[2021-12-31 07:30:03] main.INFO: Add of item with id Magento_ImportExport::system_convert_import was processed [] []
[2021-12-31 07:30:03] main.INFO: Add of item with id Magento_ImportExport::system_convert_export was processed [] []
[2021-12-31 07:30:03] main.INFO: Add of item with id Magento_ImportExport::system_convert_history was processed [] []
[2021-12-31 07:30:03] main.INFO: Add of item with id Magento_Email::template was processed [] []
[2021-12-31 07:30:03] main.INFO: Add of item with id Magento_EncryptionKey::system_crypt_key was processed [] []
[2021-12-31 07:30:03] main.INFO: Add of item with id Magento_Analytics::business_intelligence was processed [] []
[2021-12-31 07:30:03] main.INFO: Add of item with id Magento_Analytics::advanced_reporting was processed [] []
[2021-12-31 07:30:03] main.INFO: Add of item with id Magento_Analytics::bi_essentials was processed [] []
[2021-12-31 07:30:03] main.INFO: Add of item with id Magento_Reports::report was processed [] []
[2021-12-31 07:30:03] main.INFO: Add of item with id Magento_Reports::report_marketing was processed [] []
[2021-12-31 07:30:03] main.INFO: Add of item with id Magento_Reports::report_salesroot was processed [] []
[2021-12-31 07:30:03] main.INFO: Add of item with id Magento_Reports::report_salesroot_sales was processed [] []
[2021-12-31 07:30:03] main.INFO: Add of item with id Magento_Reports::report_salesroot_tax was processed [] []
[2021-12-31 07:30:03] main.INFO: Add of item with id Magento_Reports::report_salesroot_invoiced was processed [] []
[2021-12-31 07:30:03] main.INFO: Add of item with id Magento_Reports::report_salesroot_shipping was processed [] []
[2021-12-31 07:30:03] main.INFO: Add of item with id Magento_Reports::report_salesroot_refunded was processed [] []
[2021-12-31 07:30:03] main.INFO: Add of item with id Magento_Reports::report_salesroot_coupons was processed [] []
[2021-12-31 07:30:03] main.INFO: Add of item with id Magento_Reports::report_shopcart_product was processed [] []
[2021-12-31 07:30:03] main.INFO: Add of item with id Magento_Reports::report_shopcart_abandoned was processed [] []
[2021-12-31 07:30:03] main.INFO: Add of item with id Magento_Reports::report_products was processed [] []
[2021-12-31 07:30:03] main.INFO: Add of item with id Magento_Reports::report_products_bestsellers was processed [] []
[2021-12-31 07:30:03] main.INFO: Add of item with id Magento_Reports::report_products_sold was processed [] []
[2021-12-31 07:30:03] main.INFO: Add of item with id Magento_Reports::report_products_viewed was processed [] []
[2021-12-31 07:30:03] main.INFO: Add of item with id Magento_Reports::report_products_lowstock was processed [] []
[2021-12-31 07:30:03] main.INFO: Add of item with id Magento_Reports::report_customers was processed [] []
[2021-12-31 07:30:03] main.INFO: Add of item with id Magento_Reports::report_customers_accounts was processed [] []
[2021-12-31 07:30:03] main.INFO: Add of item with id Magento_Reports::report_customers_totals was processed [] []
[2021-12-31 07:30:03] main.INFO: Add of item with id Magento_Reports::report_customers_orders was processed [] []
[2021-12-31 07:30:03] main.INFO: Add of item with id Magento_Reports::report_statistics was processed [] []
[2021-12-31 07:30:03] main.INFO: Add of item with id Magento_Reports::report_statistics_refresh was processed [] []
[2021-12-31 07:30:03] main.INFO: Add of item with id Magento_Search::report_search_term was processed [] []
[2021-12-31 07:30:03] main.INFO: Add of item with id Magento_LoginAsCustomerLog::login_log was processed [] []
[2021-12-31 07:30:03] main.INFO: Add of item with id Magento_Marketplace::partners was processed [] []
[2021-12-31 07:30:03] main.INFO: Add of item with id Magento_Newsletter::newsletter_template was processed [] []
[2021-12-31 07:30:03] main.INFO: Add of item with id Magento_Newsletter::newsletter_queue was processed [] []
[2021-12-31 07:30:03] main.INFO: Add of item with id Magento_Newsletter::newsletter_subscriber was processed [] []
[2021-12-31 07:30:03] main.INFO: Add of item with id Magento_Newsletter::newsletter_problem was processed [] []
[2021-12-31 07:30:03] main.INFO: Add of item with id Magento_SalesRule::promo_quote was processed [] []
[2021-12-31 07:30:03] main.INFO: Add of item with id Magento_Paypal::report_salesroot_paypal_settlement_reports was processed [] []
[2021-12-31 07:30:03] main.INFO: Add of item with id Magento_Paypal::paypal_billing_agreement was processed [] []
[2021-12-31 07:30:03] main.INFO: Add of item with id Magento_CheckoutAgreements::sales_checkoutagreement was processed [] []
[2021-12-31 07:30:03] main.INFO: Add of item with id Magento_Sitemap::catalog_sitemap was processed [] []
[2021-12-31 07:30:03] main.INFO: Add of item with id Magento_Review::catalog_reviews_ratings_ratings was processed [] []
[2021-12-31 07:30:03] main.INFO: Add of item with id Magento_Review::catalog_reviews_ratings_pending was processed [] []
[2021-12-31 07:30:03] main.INFO: Add of item with id Magento_Review::catalog_reviews_ratings_reviews_all was processed [] []
[2021-12-31 07:30:03] main.INFO: Add of item with id Magento_Review::report_review was processed [] []
[2021-12-31 07:30:03] main.INFO: Add of item with id Magento_Review::report_review_customer was processed [] []
[2021-12-31 07:30:03] main.INFO: Add of item with id Magento_Review::report_review_product was processed [] []
[2021-12-31 07:30:03] main.INFO: Add of item with id Magento_UrlRewrite::urlrewrite was processed [] []
[2021-12-31 07:30:03] main.INFO: Add of item with id Magento_Tax::sales_tax was processed [] []
[2021-12-31 07:30:03] main.INFO: Add of item with id Magento_Tax::sales_tax_rules was processed [] []
[2021-12-31 07:30:03] main.INFO: Add of item with id Magento_Tax::sales_tax_rates was processed [] []
[2021-12-31 07:30:03] main.INFO: Add of item with id Magento_TaxImportExport::system_convert_tax was processed [] []
[2021-12-31 07:30:03] main.INFO: Add of item with id Magento_AsynchronousOperations::system_magento_logging was processed [] []
[2021-12-31 07:30:03] main.INFO: Add of item with id Magento_AsynchronousOperations::system_magento_logging_bulk_operations was processed [] []
[2021-12-31 07:30:03] main.INFO: Add of item with id MenuAmasty_Base::menu was processed [] []
[2021-12-31 07:30:03] main.INFO: Add of item with id Amasty_Base::marketplace was processed [] []
[2021-12-31 07:30:03] main.INFO: Add of item with id Amasty_Base::extensions was processed [] []
[2021-12-31 07:30:03] main.INFO: Add of item with id Amasty_CronScheduleList::amasty_schedule was processed [] []
[2021-12-31 07:30:03] main.INFO: Add of item with id Amasty_CronScheduleList::schedule_list was processed [] []
[2021-12-31 07:30:03] main.INFO: Add of item with id Amasty_Rewards::rule was processed [] []
[2021-12-31 07:30:03] main.INFO: Add of item with id Amasty_Rewards::reports was processed [] []
[2021-12-31 07:30:03] main.INFO: Add of item with id Amasty_Stockstatus::stockstatus was processed [] []
[2021-12-31 07:30:03] main.INFO: Add of item with id Amasty_Stockstatus::rule was processed [] []
[2021-12-31 07:30:03] main.INFO: Add of item with id Dotdigitalgroup_Email::marketing_automation was processed [] []
[2021-12-31 07:30:03] main.INFO: Add of item with id Dotdigitalgroup_Email::automation_studio was processed [] []
[2021-12-31 07:30:03] main.INFO: Add of item with id Dotdigitalgroup_Email::exclusion_rules was processed [] []
[2021-12-31 07:30:03] main.INFO: Add of item with id Dotdigitalgroup_Email::marketing_automation_report was processed [] []
[2021-12-31 07:30:03] main.INFO: Add of item with id Dotdigitalgroup_Email::dashboards was processed [] []
[2021-12-31 07:30:03] main.INFO: Add of item with id Dotdigitalgroup_Email::importer was processed [] []
[2021-12-31 07:30:03] main.INFO: Add of item with id Dotdigitalgroup_Email::automation was processed [] []
[2021-12-31 07:30:03] main.INFO: Add of item with id Dotdigitalgroup_Email::campaign was processed [] []
[2021-12-31 07:30:03] main.INFO: Add of item with id Dotdigitalgroup_Email::cron was processed [] []
[2021-12-31 07:30:03] main.INFO: Add of item with id Dotdigitalgroup_Email::logviewer was processed [] []
[2021-12-31 07:30:03] main.INFO: Add of item with id Dotdigitalgroup_Email::abandoned was processed [] []
[2021-12-31 07:30:03] main.INFO: Add of item with id Dotdigitalgroup_Chat::config was processed [] []
[2021-12-31 07:30:03] main.INFO: Add of item with id Dotdigitalgroup_Sms::messages was processed [] []
[2021-12-31 07:30:03] main.INFO: Add of item with id Eleadtech_Bcore::backend was processed [] []
[2021-12-31 07:30:03] main.INFO: Add of item with id Eleadtech_AlphabetOption::parent was processed [] []
[2021-12-31 07:30:03] main.INFO: Add of item with id Eleadtech_AlphabetOption::aboption was processed [] []
[2021-12-31 07:30:03] main.INFO: Add of item with id Eleadtech_AlphabetOption::configuration was processed [] []
[2021-12-31 07:30:03] main.INFO: Add of item with id MageWorx_ShippingRules::shippingrules was processed [] []
[2021-12-31 07:30:03] main.INFO: Add of item with id MageWorx_ShippingRules::shippingrules_quote was processed [] []
[2021-12-31 07:30:03] main.INFO: Add of item with id MageWorx_ShippingRules::shippingrules_carrier was processed [] []
[2021-12-31 07:30:03] main.INFO: Add of item with id MageWorx_ShippingRules::shippingrules_method was processed [] []
[2021-12-31 07:30:03] main.INFO: Add of item with id MageWorx_ShippingRules::shippingrules_rate was processed [] []
[2021-12-31 07:30:03] main.INFO: Add of item with id MageWorx_ShippingRules::shippingrules_zone was processed [] []
[2021-12-31 07:30:03] main.INFO: Add of item with id MageWorx_ShippingRules::shippingrules_region was processed [] []
[2021-12-31 07:30:03] main.INFO: Add of item with id MageWorx_ShippingRules::shippingrules_extendedzone was processed [] []
[2021-12-31 07:30:03] main.INFO: Add of item with id MageWorx_ShippingRules::system_import_export_fast was processed [] []
[2021-12-31 07:30:03] main.INFO: Add of item with id Mageplaza_ProductAlerts::productalerts was processed [] []
[2021-12-31 07:30:03] main.INFO: Add of item with id Mageplaza_ProductAlerts::stock was processed [] []
[2021-12-31 07:30:03] main.INFO: Add of item with id Mageplaza_ProductAlerts::stock_subscribers was processed [] []
[2021-12-31 07:30:03] main.INFO: Add of item with id Mageplaza_ProductAlerts::stock_mostrequests was processed [] []
[2021-12-31 07:30:03] main.INFO: Add of item with id Mageplaza_ProductAlerts::price was processed [] []
[2021-12-31 07:30:03] main.INFO: Add of item with id Mageplaza_ProductAlerts::price_subscribers was processed [] []
[2021-12-31 07:30:03] main.INFO: Add of item with id Mageplaza_ProductAlerts::price_mostrequests was processed [] []
[2021-12-31 07:30:03] main.INFO: Add of item with id Mageplaza_ProductAlerts::configuration was processed [] []
[2021-12-31 07:30:03] main.INFO: Add of item with id PayPal_Braintree::settlement_report was processed [] []
[2021-12-31 07:30:03] main.INFO: Add of item with id PayPal_Braintree::virtual_terminal was processed [] []
[2021-12-31 07:30:03] main.INFO: Add of item with id Springbot_Main::main was processed [] []
[2021-12-31 07:30:03] main.INFO: Add of item with id Springbot_Main::index was processed [] []
[2021-12-31 07:30:03] main.INFO: Add of item with id WeSupply_Toolbox::WeSupply was processed [] []
[2021-12-31 07:30:03] main.INFO: Add of item with id WeSupply_Toolbox::Toolbox_Label was processed [] []
[2021-12-31 07:30:03] main.INFO: Add of item with id WeSupply_Toolbox::Toolbox was processed [] []
[2021-12-31 07:30:03] main.INFO: Add of item with id WeSupply_Toolbox::HelpCenter was processed [] []
[2021-12-31 07:30:03] main.INFO: Add of item with id WeSupply_Toolbox::OrderTrackingNotifications was processed [] []
[2021-12-31 07:30:03] main.INFO: Add of item with id WeSupply_Toolbox::ReturnsRMA was processed [] []
[2021-12-31 07:30:03] main.INFO: Add of item with id WeSupply_Toolbox::EstimatedDeliveryDates was processed [] []
[2021-12-31 07:30:03] main.INFO: Add of item with id WeSupply_Toolbox::StoreLocator was processed [] []
[2021-12-31 07:30:03] main.INFO: Add of item with id WeSupply_Toolbox::StorePickupCurbside was processed [] []
[2021-12-31 07:30:03] main.INFO: Add of item with id WeSupply_Toolbox::Reviews was processed [] []
[2021-12-31 07:30:03] main.INFO: Add of item with id WeltPixel_Backend::WeltPixel was processed [] []
[2021-12-31 07:30:03] main.INFO: Add of item with id WeltPixel_Backend::WeltPixel_Documentation was processed [] []
[2021-12-31 07:30:03] main.INFO: Add of item with id WeltPixel_Backend::WeltPixel_HelpCenter was processed [] []
[2021-12-31 07:30:03] main.INFO: Add of item with id WeltPixel_Backend::WeltPixel_Licenses was processed [] []
[2021-12-31 07:30:03] main.INFO: Add of item with id WeltPixel_Backend::Modules_License was processed [] []
[2021-12-31 07:30:03] main.INFO: Add of item with id WeltPixel_Backend::WeltPixel_Debugger was processed [] []
[2021-12-31 07:30:03] main.INFO: Add of item with id WeltPixel_Backend::WeltPixel_Debugger_Rewrites was processed [] []
[2021-12-31 07:30:03] main.INFO: Add of item with id WeltPixel_Backend::WeltPixel_Debugger_Modules was processed [] []
[2021-12-31 07:30:03] main.INFO: Add of item with id WeltPixel_Backend::WeltPixel_Debugger_Developer was processed [] []
[2021-12-31 07:30:03] main.INFO: Add of item with id WeltPixel_Backend::Pearl_Theme_Options was processed [] []
[2021-12-31 07:30:03] main.INFO: Add of item with id WeltPixel_AdvancedWishlist::AdvancedWishlist_Label was processed [] []
[2021-12-31 07:30:03] main.INFO: Add of item with id WeltPixel_AdvancedWishlist::AdvancedWishlist was processed [] []
[2021-12-31 07:30:03] main.INFO: Add of item with id WeltPixel_AjaxInfiniteScroll::AjaxInfiniteScroll_Label was processed [] []
[2021-12-31 07:30:03] main.INFO: Add of item with id WeltPixel_AjaxInfiniteScroll::AjaxInfiniteScroll was processed [] []
[2021-12-31 07:30:03] main.INFO: Add of item with id WeltPixel_AdvanceCategorySorting::AdvanceCategorySorting_Label was processed [] []
[2021-12-31 07:30:03] main.INFO: Add of item with id WeltPixel_AdvanceCategorySorting::AdvanceCategorySorting was processed [] []
[2021-12-31 07:30:03] main.INFO: Add of item with id WeltPixel_FrontendOptions::ColorOptions was processed [] []
[2021-12-31 07:30:03] main.INFO: Add of item with id WeltPixel_CmsBlockScheduler::cmsblockscheduler was processed [] []
[2021-12-31 07:30:03] main.INFO: Add of item with id WeltPixel_CmsBlockScheduler::systemconfiguration was processed [] []
[2021-12-31 07:30:03] main.INFO: Add of item with id WeltPixel_CmsBlockScheduler::cmsblockscheduler_manage_tags was processed [] []
[2021-12-31 07:30:03] main.INFO: Add of item with id WeltPixel_CustomFooter::CustomFooter was processed [] []
[2021-12-31 07:30:03] main.INFO: Add of item with id WeltPixel_CustomHeader::CustomHeader was processed [] []
[2021-12-31 07:30:03] main.INFO: Add of item with id WeltPixel_DesignElements::DesignElements was processed [] []
[2021-12-31 07:30:03] main.INFO: Add of item with id WeltPixel_EnhancedEmail::EnhancedEmail_Label was processed [] []
[2021-12-31 07:30:03] main.INFO: Add of item with id WeltPixel_EnhancedEmail::EnhancedEmail_General was processed [] []
[2021-12-31 07:30:03] main.INFO: Add of item with id WeltPixel_LazyLoading::LazyLoading_Label was processed [] []
[2021-12-31 07:30:03] main.INFO: Add of item with id WeltPixel_LazyLoading::LazyLoading was processed [] []
[2021-12-31 07:30:03] main.INFO: Add of item with id WeltPixel_FullPageScroll::FullPageScroll_Label was processed [] []
[2021-12-31 07:30:03] main.INFO: Add of item with id WeltPixel_FullPageScroll::FullPageScroll was processed [] []
[2021-12-31 07:30:03] main.INFO: Add of item with id WeltPixel_GoogleCards::GoogleCards_Label was processed [] []
[2021-12-31 07:30:03] main.INFO: Add of item with id WeltPixel_GoogleCards::GoogleCards was processed [] []
[2021-12-31 07:30:03] main.INFO: Add of item with id WeltPixel_GoogleTagManager::GoogleTagManager_Label was processed [] []
[2021-12-31 07:30:03] main.INFO: Add of item with id WeltPixel_GoogleTagManager::GoogleTagManager was processed [] []
[2021-12-31 07:30:03] main.INFO: Add of item with id WeltPixel_Instagram::Instagram_Label was processed [] []
[2021-12-31 07:30:03] main.INFO: Add of item with id WeltPixel_Instagram::Instagram was processed [] []
[2021-12-31 07:30:03] main.INFO: Add of item with id WeltPixel_LayeredNavigation::LayeredNavigation_Label was processed [] []
[2021-12-31 07:30:03] main.INFO: Add of item with id WeltPixel_LayeredNavigation::LayeredNavigation_General was processed [] []
[2021-12-31 07:30:03] main.INFO: Add of item with id WeltPixel_OwlCarouselSlider::owlcarouselslider was processed [] []
[2021-12-31 07:30:03] main.INFO: Add of item with id WeltPixel_OwlCarouselSlider::owlcarouselslider_general_configuration_carousel was processed [] []
[2021-12-31 07:30:03] main.INFO: Add of item with id WeltPixel_OwlCarouselSlider::owlcarouselslider_products_sliders was processed [] []
[2021-12-31 07:30:03] main.INFO: Add of item with id WeltPixel_OwlCarouselSlider::owlsliders was processed [] []
[2021-12-31 07:30:03] main.INFO: Add of item with id WeltPixel_OwlCarouselSlider::owlcarouselslider_general_configuration_slider was processed [] []
[2021-12-31 07:30:03] main.INFO: Add of item with id WeltPixel_OwlCarouselSlider::owlcarouselslider_custom_banners was processed [] []
[2021-12-31 07:30:03] main.INFO: Add of item with id WeltPixel_OwlCarouselSlider::owlcarouselslider_custom_sliders was processed [] []
[2021-12-31 07:30:03] main.INFO: Add of item with id WeltPixel_Multistore::Multistore_Label was processed [] []
[2021-12-31 07:30:03] main.INFO: Add of item with id WeltPixel_Multistore::Multistore was processed [] []
[2021-12-31 07:30:03] main.INFO: Add of item with id WeltPixel_NavigationLinks::MegaMenu_Label was processed [] []
[2021-12-31 07:30:03] main.INFO: Add of item with id WeltPixel_NavigationLinks::MegaMenu was processed [] []
[2021-12-31 07:30:03] main.INFO: Add of item with id WeltPixel_Newsletter::Newsletter_Label was processed [] []
[2021-12-31 07:30:03] main.INFO: Add of item with id WeltPixel_Newsletter::Newsletter was processed [] []
[2021-12-31 07:30:03] main.INFO: Add of item with id WeltPixel_CategoryPage::CategoryPage was processed [] []
[2021-12-31 07:30:03] main.INFO: Add of item with id WeltPixel_ProductLabels::ProductLabels_Label was processed [] []
[2021-12-31 07:30:03] main.INFO: Add of item with id WeltPixel_ProductLabels::ProductLabelsSettings was processed [] []
[2021-12-31 07:30:03] main.INFO: Add of item with id WeltPixel_ProductLabels::ProductLabels was processed [] []
[2021-12-31 07:30:03] main.INFO: Add of item with id WeltPixel_ProductPage::ProductPage was processed [] []
[2021-12-31 07:30:03] main.INFO: Add of item with id WeltPixel_QuickCart::QuickCart_Label was processed [] []
[2021-12-31 07:30:03] main.INFO: Add of item with id WeltPixel_QuickCart::QuickCart was processed [] []
[2021-12-31 07:30:03] main.INFO: Add of item with id WeltPixel_Quickview::Quickview_Label was processed [] []
[2021-12-31 07:30:03] main.INFO: Add of item with id WeltPixel_Quickview::Quickview was processed [] []
[2021-12-31 07:30:03] main.INFO: Add of item with id WeltPixel_Quickview::QuickviewMessages was processed [] []
[2021-12-31 07:30:03] main.INFO: Add of item with id WeltPixel_RecentlyViewedBar::RecentlyViewedBar_Label was processed [] []
[2021-12-31 07:30:03] main.INFO: Add of item with id WeltPixel_RecentlyViewedBar::RecentlyViewedBar_General was processed [] []
[2021-12-31 07:30:03] main.INFO: Add of item with id WeltPixel_SearchAutoComplete::SearchAutoComplete_Label was processed [] []
[2021-12-31 07:30:03] main.INFO: Add of item with id WeltPixel_SearchAutoComplete::SearchAutoComplete was processed [] []
[2021-12-31 07:30:03] main.INFO: Add of item with id WeltPixel_SmartProductTabs::SmartProductTabs_Label was processed [] []
[2021-12-31 07:30:03] main.INFO: Add of item with id WeltPixel_SmartProductTabs::SmartProductTabs was processed [] []
[2021-12-31 07:30:03] main.INFO: Add of item with id WeltPixel_SmartProductTabs::SmartProductTabsGrid was processed [] []
[2021-12-31 07:30:03] main.INFO: Add of item with id WeltPixel_SocialLogin::SocialLogin_Customer_Label was processed [] []
[2021-12-31 07:30:03] main.INFO: Add of item with id WeltPixel_SocialLogin::socialaccounts was processed [] []
[2021-12-31 07:30:03] main.INFO: Add of item with id WeltPixel_SocialLogin::SocialLogin_Label was processed [] []
[2021-12-31 07:30:03] main.INFO: Add of item with id WeltPixel_SocialLogin::SocialLogin_General was processed [] []
[2021-12-31 07:30:03] main.INFO: Add of item with id WeltPixel_SocialLogin::SocialLogin_Dashboard was processed [] []
[2021-12-31 07:30:03] main.INFO: Add of item with id WeltPixel_SpeedOptimization::SpeedOptimization_Label was processed [] []
[2021-12-31 07:30:03] main.INFO: Add of item with id WeltPixel_SpeedOptimization::SpeedOptimization was processed [] []
[2021-12-31 07:30:03] main.INFO: Add of item with id WeltPixel_ThankYouPage::ThankYouPage_Label was processed [] []
[2021-12-31 07:30:03] main.INFO: Add of item with id WeltPixel_ThankYouPage::ThankYouPage was processed [] []
[2021-12-31 07:30:03] main.INFO: Add of item with id WeltPixel_UserProfile::UserProfile_Label was processed [] []
[2021-12-31 07:30:03] main.INFO: Add of item with id WeltPixel_UserProfile::UserProfile was processed [] []
[2021-12-31 07:30:03] main.INFO: Add of item with id Yotpo_Yotpo::yotpo_report_reviews was processed [] []
[2021-12-31 07:30:03] main.INFO: Add of item with id Yotpo_Yotpo::yotpo_reviews_external was processed [] []
[2021-12-31 07:30:03] main.INFO: Add of item with id Yotpo_Yotpo::yotpo_analytics_external was processed [] []
[2021-12-31 07:30:04] main.INFO: Add of item with id Amasty_CronScheduleList::container was processed [] []
[2021-12-31 07:30:04] main.INFO: Add of item with id Amasty_CronScheduleList::schedule_listmenu was processed [] []
[2021-12-31 07:30:04] main.INFO: Add of item with id Amasty_Stockstatus::container was processed [] []
[2021-12-31 07:30:04] main.INFO: Add of item with id Amasty_Stockstatus::rulemenu was processed [] []
[2021-12-31 07:30:04] main.INFO: Add of item with id Amasty_Stockstatus::menuconfig was processed [] []
[2021-12-31 07:30:04] main.INFO: Add of item with id Amasty_Rewards::container was processed [] []
[2021-12-31 07:30:04] main.INFO: Add of item with id Amasty_Rewards::rulemenu was processed [] []
[2021-12-31 07:30:04] main.INFO: Add of item with id Amasty_Rewards::reportsmenu was processed [] []
[2021-12-31 07:30:04] main.INFO: Add of item with id Amasty_Rewards::menuconfig was processed [] []
